mode: atomic
github.com/Azure/aks-mcp/internal/az/executor.go:20.32,22.2 1 0
github.com/Azure/aks-mcp/internal/az/executor.go:25.101,27.9 2 0
github.com/Azure/aks-mcp/internal/az/executor.go:27.9,29.3 1 0
github.com/Azure/aks-mcp/internal/az/executor.go:32.2,34.16 3 0
github.com/Azure/aks-mcp/internal/az/executor.go:34.16,36.3 1 0
github.com/Azure/aks-mcp/internal/az/executor.go:39.2,40.24 2 0
github.com/Azure/aks-mcp/internal/az/executor.go:40.24,42.3 1 0
github.com/Azure/aks-mcp/internal/az/executor.go:45.2,49.23 3 0
github.com/Azure/aks-mcp/internal/az/executor.go:49.23,51.3 1 0
github.com/Azure/aks-mcp/internal/az/executor.go:54.2,54.24 1 0
github.com/Azure/aks-mcp/internal/az/executor.go:54.24,56.3 1 0
github.com/Azure/aks-mcp/internal/az/executor.go:59.2,60.29 2 0
github.com/Azure/aks-mcp/internal/az/executor.go:64.128,66.9 2 0
github.com/Azure/aks-mcp/internal/az/executor.go:66.9,68.3 1 0
github.com/Azure/aks-mcp/internal/az/executor.go:70.2,71.16 2 0
github.com/Azure/aks-mcp/internal/az/executor.go:71.16,73.3 1 0
github.com/Azure/aks-mcp/internal/az/executor.go:76.2,78.16 3 0
github.com/Azure/aks-mcp/internal/az/executor.go:78.16,80.3 1 0
github.com/Azure/aks-mcp/internal/az/executor.go:83.2,84.24 2 0
github.com/Azure/aks-mcp/internal/az/executor.go:84.24,86.3 1 0
github.com/Azure/aks-mcp/internal/az/executor.go:89.2,93.23 3 0
github.com/Azure/aks-mcp/internal/az/executor.go:93.23,95.3 1 0
github.com/Azure/aks-mcp/internal/az/executor.go:98.2,98.24 1 0
github.com/Azure/aks-mcp/internal/az/executor.go:98.24,100.3 1 0
github.com/Azure/aks-mcp/internal/az/executor.go:103.2,104.29 2 0
github.com/Azure/aks-mcp/internal/az/executor.go:108.70,109.83 1 0
github.com/Azure/aks-mcp/internal/az/executor.go:109.83,112.3 2 0
github.com/Azure/aks-mcp/internal/az/executor.go:113.2,113.37 1 0
github.com/Azure/aks-mcp/internal/az/registry.go:18.52,20.2 1 0
github.com/Azure/aks-mcp/internal/az/registry.go:34.49,42.27 4 0
github.com/Azure/aks-mcp/internal/az/registry.go:42.27,44.3 1 0
github.com/Azure/aks-mcp/internal/az/registry.go:46.2,52.3 1 0
github.com/Azure/aks-mcp/internal/az/registry.go:61.43,92.2 1 0
github.com/Azure/aks-mcp/internal/az/registry.go:95.44,152.2 1 0
github.com/Azure/aks-mcp/internal/az/registry.go:155.42,161.2 1 0
github.com/Azure/aks-mcp/internal/az/registry.go:164.40,170.2 1 0
github.com/Azure/aks-mcp/internal/azure/cache.go:22.55,27.2 1 8
github.com/Azure/aks-mcp/internal/azure/cache.go:32.58,37.12 4 15
github.com/Azure/aks-mcp/internal/azure/cache.go:37.12,39.3 1 6
github.com/Azure/aks-mcp/internal/azure/cache.go:42.2,42.39 1 9
github.com/Azure/aks-mcp/internal/azure/cache.go:42.39,44.3 1 1
github.com/Azure/aks-mcp/internal/azure/cache.go:46.2,46.25 1 8
github.com/Azure/aks-mcp/internal/azure/cache.go:50.57,52.2 1 11
github.com/Azure/aks-mcp/internal/azure/cache.go:55.95,63.2 3 11
github.com/Azure/aks-mcp/internal/azure/cache.go:66.41,71.2 3 0
github.com/Azure/aks-mcp/internal/azure/cache.go:74.30,79.2 3 1
github.com/Azure/aks-mcp/internal/azure/client.go:39.67,42.16 2 2
github.com/Azure/aks-mcp/internal/azure/client.go:42.16,44.3 1 0
github.com/Azure/aks-mcp/internal/azure/client.go:46.2,50.8 1 2
github.com/Azure/aks-mcp/internal/azure/client.go:54.110,60.12 4 0
github.com/Azure/aks-mcp/internal/azure/client.go:60.12,62.3 1 0
github.com/Azure/aks-mcp/internal/azure/client.go:65.2,69.60 3 0
github.com/Azure/aks-mcp/internal/azure/client.go:69.60,71.3 1 0
github.com/Azure/aks-mcp/internal/azure/client.go:74.2,75.16 2 0
github.com/Azure/aks-mcp/internal/azure/client.go:75.16,77.3 1 0
github.com/Azure/aks-mcp/internal/azure/client.go:79.2,80.16 2 0
github.com/Azure/aks-mcp/internal/azure/client.go:80.16,82.3 1 0
github.com/Azure/aks-mcp/internal/azure/client.go:84.2,85.16 2 0
github.com/Azure/aks-mcp/internal/azure/client.go:85.16,87.3 1 0
github.com/Azure/aks-mcp/internal/azure/client.go:89.2,90.16 2 0
github.com/Azure/aks-mcp/internal/azure/client.go:90.16,92.3 1 0
github.com/Azure/aks-mcp/internal/azure/client.go:94.2,95.16 2 0
github.com/Azure/aks-mcp/internal/azure/client.go:95.16,97.3 1 0
github.com/Azure/aks-mcp/internal/azure/client.go:100.2,110.21 3 0
github.com/Azure/aks-mcp/internal/azure/client.go:114.154,119.51 2 0
github.com/Azure/aks-mcp/internal/azure/client.go:119.51,120.70 1 0
github.com/Azure/aks-mcp/internal/azure/client.go:120.70,122.4 1 0
github.com/Azure/aks-mcp/internal/azure/client.go:125.2,126.16 2 0
github.com/Azure/aks-mcp/internal/azure/client.go:126.16,128.3 1 0
github.com/Azure/aks-mcp/internal/azure/client.go:130.2,131.16 2 0
github.com/Azure/aks-mcp/internal/azure/client.go:131.16,133.3 1 0
github.com/Azure/aks-mcp/internal/azure/client.go:135.2,139.21 3 0
github.com/Azure/aks-mcp/internal/azure/client.go:143.146,148.51 2 0
github.com/Azure/aks-mcp/internal/azure/client.go:148.51,149.58 1 0
github.com/Azure/aks-mcp/internal/azure/client.go:149.58,151.4 1 0
github.com/Azure/aks-mcp/internal/azure/client.go:154.2,155.16 2 0
github.com/Azure/aks-mcp/internal/azure/client.go:155.16,157.3 1 0
github.com/Azure/aks-mcp/internal/azure/client.go:159.2,160.16 2 0
github.com/Azure/aks-mcp/internal/azure/client.go:160.16,162.3 1 0
github.com/Azure/aks-mcp/internal/azure/client.go:164.2,168.18 3 0
github.com/Azure/aks-mcp/internal/azure/client.go:172.144,177.51 2 0
github.com/Azure/aks-mcp/internal/azure/client.go:177.51,178.60 1 0
github.com/Azure/aks-mcp/internal/azure/client.go:178.60,180.4 1 0
github.com/Azure/aks-mcp/internal/azure/client.go:183.2,184.16 2 0
github.com/Azure/aks-mcp/internal/azure/client.go:184.16,186.3 1 0
github.com/Azure/aks-mcp/internal/azure/client.go:188.2,189.16 2 0
github.com/Azure/aks-mcp/internal/azure/client.go:189.16,191.3 1 0
github.com/Azure/aks-mcp/internal/azure/client.go:193.2,197.24 3 0
github.com/Azure/aks-mcp/internal/azure/client.go:201.150,206.51 2 0
github.com/Azure/aks-mcp/internal/azure/client.go:206.51,207.56 1 0
github.com/Azure/aks-mcp/internal/azure/client.go:207.56,209.4 1 0
github.com/Azure/aks-mcp/internal/azure/client.go:212.2,213.16 2 0
github.com/Azure/aks-mcp/internal/azure/client.go:213.16,215.3 1 0
github.com/Azure/aks-mcp/internal/azure/client.go:217.2,218.16 2 0
github.com/Azure/aks-mcp/internal/azure/client.go:218.16,220.3 1 0
github.com/Azure/aks-mcp/internal/azure/client.go:222.2,226.17 3 0
github.com/Azure/aks-mcp/internal/azure/client.go:230.142,235.51 2 0
github.com/Azure/aks-mcp/internal/azure/client.go:235.51,236.52 1 0
github.com/Azure/aks-mcp/internal/azure/client.go:236.52,238.4 1 0
github.com/Azure/aks-mcp/internal/azure/client.go:241.2,242.16 2 0
github.com/Azure/aks-mcp/internal/azure/client.go:242.16,244.3 1 0
github.com/Azure/aks-mcp/internal/azure/client.go:246.2,247.16 2 0
github.com/Azure/aks-mcp/internal/azure/client.go:247.16,249.3 1 0
github.com/Azure/aks-mcp/internal/azure/client.go:251.2,255.20 3 0
github.com/Azure/aks-mcp/internal/azure/client.go:262.100,265.16 2 0
github.com/Azure/aks-mcp/internal/azure/client.go:265.16,267.3 1 0
github.com/Azure/aks-mcp/internal/azure/client.go:270.2,270.38 1 0
github.com/Azure/aks-mcp/internal/azure/client.go:271.52,272.92 1 0
github.com/Azure/aks-mcp/internal/azure/client.go:273.43,274.96 1 0
github.com/Azure/aks-mcp/internal/azure/client.go:275.39,276.92 1 0
github.com/Azure/aks-mcp/internal/azure/client.go:277.49,278.102 1 0
github.com/Azure/aks-mcp/internal/azure/client.go:279.51,281.27 1 0
github.com/Azure/aks-mcp/internal/azure/client.go:281.27,283.4 1 0
github.com/Azure/aks-mcp/internal/azure/client.go:284.3,284.78 1 0
github.com/Azure/aks-mcp/internal/azure/client.go:285.10,286.79 1 0
github.com/Azure/aks-mcp/cmd/aks-mcp/main.go:12.13,19.19 4 0
github.com/Azure/aks-mcp/cmd/aks-mcp/main.go:19.19,23.3 3 0
github.com/Azure/aks-mcp/cmd/aks-mcp/main.go:26.2,27.45 2 0
github.com/Azure/aks-mcp/cmd/aks-mcp/main.go:27.45,30.3 2 0
github.com/Azure/aks-mcp/cmd/aks-mcp/main.go:33.2,33.38 1 0
github.com/Azure/aks-mcp/cmd/aks-mcp/main.go:33.38,35.3 1 0
github.com/Azure/aks-mcp/internal/azure/resourcehandlers/handlers.go:22.98,23.109 1 1
github.com/Azure/aks-mcp/internal/azure/resourcehandlers/handlers.go:23.109,26.17 2 0
github.com/Azure/aks-mcp/internal/azure/resourcehandlers/handlers.go:26.17,28.4 1 0
github.com/Azure/aks-mcp/internal/azure/resourcehandlers/handlers.go:31.3,33.17 3 0
github.com/Azure/aks-mcp/internal/azure/resourcehandlers/handlers.go:33.17,35.4 1 0
github.com/Azure/aks-mcp/internal/azure/resourcehandlers/handlers.go:38.3,39.17 2 0
github.com/Azure/aks-mcp/internal/azure/resourcehandlers/handlers.go:39.17,41.4 1 0
github.com/Azure/aks-mcp/internal/azure/resourcehandlers/handlers.go:44.3,45.17 2 0
github.com/Azure/aks-mcp/internal/azure/resourcehandlers/handlers.go:45.17,47.4 1 0
github.com/Azure/aks-mcp/internal/azure/resourcehandlers/handlers.go:49.3,50.10 2 0
github.com/Azure/aks-mcp/internal/azure/resourcehandlers/handlers.go:50.10,52.4 1 0
github.com/Azure/aks-mcp/internal/azure/resourcehandlers/handlers.go:55.3,56.17 2 0
github.com/Azure/aks-mcp/internal/azure/resourcehandlers/handlers.go:56.17,58.4 1 0
github.com/Azure/aks-mcp/internal/azure/resourcehandlers/handlers.go:60.3,60.33 1 0
github.com/Azure/aks-mcp/internal/azure/resourcehandlers/handlers.go:65.97,66.109 1 1
github.com/Azure/aks-mcp/internal/azure/resourcehandlers/handlers.go:66.109,69.17 2 0
github.com/Azure/aks-mcp/internal/azure/resourcehandlers/handlers.go:69.17,71.4 1 0
github.com/Azure/aks-mcp/internal/azure/resourcehandlers/handlers.go:74.3,76.17 3 0
github.com/Azure/aks-mcp/internal/azure/resourcehandlers/handlers.go:76.17,78.4 1 0
github.com/Azure/aks-mcp/internal/azure/resourcehandlers/handlers.go:81.3,82.17 2 0
github.com/Azure/aks-mcp/internal/azure/resourcehandlers/handlers.go:82.17,84.4 1 0
github.com/Azure/aks-mcp/internal/azure/resourcehandlers/handlers.go:87.3,88.17 2 0
github.com/Azure/aks-mcp/internal/azure/resourcehandlers/handlers.go:88.17,90.4 1 0
github.com/Azure/aks-mcp/internal/azure/resourcehandlers/handlers.go:92.3,93.10 2 0
github.com/Azure/aks-mcp/internal/azure/resourcehandlers/handlers.go:93.10,95.4 1 0
github.com/Azure/aks-mcp/internal/azure/resourcehandlers/handlers.go:98.3,99.17 2 0
github.com/Azure/aks-mcp/internal/azure/resourcehandlers/handlers.go:99.17,101.4 1 0
github.com/Azure/aks-mcp/internal/azure/resourcehandlers/handlers.go:103.3,103.33 1 0
github.com/Azure/aks-mcp/internal/azure/resourcehandlers/handlers.go:108.104,109.109 1 1
github.com/Azure/aks-mcp/internal/azure/resourcehandlers/handlers.go:109.109,112.17 2 0
github.com/Azure/aks-mcp/internal/azure/resourcehandlers/handlers.go:112.17,114.4 1 0
github.com/Azure/aks-mcp/internal/azure/resourcehandlers/handlers.go:117.3,119.17 3 0
github.com/Azure/aks-mcp/internal/azure/resourcehandlers/handlers.go:119.17,121.4 1 0
github.com/Azure/aks-mcp/internal/azure/resourcehandlers/handlers.go:124.3,125.17 2 0
github.com/Azure/aks-mcp/internal/azure/resourcehandlers/handlers.go:125.17,127.4 1 0
github.com/Azure/aks-mcp/internal/azure/resourcehandlers/handlers.go:130.3,130.17 1 0
github.com/Azure/aks-mcp/internal/azure/resourcehandlers/handlers.go:130.17,137.18 3 0
github.com/Azure/aks-mcp/internal/azure/resourcehandlers/handlers.go:137.18,139.5 1 0
github.com/Azure/aks-mcp/internal/azure/resourcehandlers/handlers.go:140.4,140.34 1 0
github.com/Azure/aks-mcp/internal/azure/resourcehandlers/handlers.go:144.3,145.17 2 0
github.com/Azure/aks-mcp/internal/azure/resourcehandlers/handlers.go:145.17,147.4 1 0
github.com/Azure/aks-mcp/internal/azure/resourcehandlers/handlers.go:149.3,150.10 2 0
github.com/Azure/aks-mcp/internal/azure/resourcehandlers/handlers.go:150.10,152.4 1 0
github.com/Azure/aks-mcp/internal/azure/resourcehandlers/handlers.go:155.3,156.17 2 0
github.com/Azure/aks-mcp/internal/azure/resourcehandlers/handlers.go:156.17,158.4 1 0
github.com/Azure/aks-mcp/internal/azure/resourcehandlers/handlers.go:160.3,160.33 1 0
github.com/Azure/aks-mcp/internal/azure/resourcehandlers/handlers.go:165.100,166.109 1 1
github.com/Azure/aks-mcp/internal/azure/resourcehandlers/handlers.go:166.109,169.17 2 0
github.com/Azure/aks-mcp/internal/azure/resourcehandlers/handlers.go:169.17,171.4 1 0
github.com/Azure/aks-mcp/internal/azure/resourcehandlers/handlers.go:174.3,176.17 3 0
github.com/Azure/aks-mcp/internal/azure/resourcehandlers/handlers.go:176.17,178.4 1 0
github.com/Azure/aks-mcp/internal/azure/resourcehandlers/handlers.go:181.3,182.17 2 0
github.com/Azure/aks-mcp/internal/azure/resourcehandlers/handlers.go:182.17,184.4 1 0
github.com/Azure/aks-mcp/internal/azure/resourcehandlers/handlers.go:187.3,188.17 2 0
github.com/Azure/aks-mcp/internal/azure/resourcehandlers/handlers.go:188.17,190.4 1 0
github.com/Azure/aks-mcp/internal/azure/resourcehandlers/handlers.go:192.3,193.10 2 0
github.com/Azure/aks-mcp/internal/azure/resourcehandlers/handlers.go:193.10,195.4 1 0
github.com/Azure/aks-mcp/internal/azure/resourcehandlers/handlers.go:198.3,199.17 2 0
github.com/Azure/aks-mcp/internal/azure/resourcehandlers/handlers.go:199.17,201.4 1 0
github.com/Azure/aks-mcp/internal/azure/resourcehandlers/handlers.go:203.3,203.33 1 0
github.com/Azure/aks-mcp/internal/azure/resourcehandlers/handlers.go:212.121,214.24 2 6
github.com/Azure/aks-mcp/internal/azure/resourcehandlers/handlers.go:214.24,216.3 1 3
github.com/Azure/aks-mcp/internal/azure/resourcehandlers/handlers.go:218.2,219.21 2 3
github.com/Azure/aks-mcp/internal/azure/resourcehandlers/handlers.go:219.21,221.3 1 1
github.com/Azure/aks-mcp/internal/azure/resourcehandlers/handlers.go:223.2,224.35 2 2
github.com/Azure/aks-mcp/internal/azure/resourcehandlers/handlers.go:224.35,226.3 1 1
github.com/Azure/aks-mcp/internal/azure/resourcehandlers/handlers.go:228.2,228.41 1 1
github.com/Azure/aks-mcp/internal/azure/resourcehandlers/handlers.go:232.168,235.2 1 0
github.com/Azure/aks-mcp/internal/azure/resourcehandlers/registry.go:10.38,27.2 1 1
github.com/Azure/aks-mcp/internal/azure/resourcehandlers/registry.go:30.37,47.2 1 1
github.com/Azure/aks-mcp/internal/azure/resourcehandlers/registry.go:50.44,67.2 1 1
github.com/Azure/aks-mcp/internal/azure/resourcehandlers/registry.go:70.40,87.2 1 1
github.com/Azure/aks-mcp/internal/config/config.go:27.30,36.2 1 0
github.com/Azure/aks-mcp/internal/config/config.go:39.37,52.2 7 0
github.com/Azure/aks-mcp/internal/config/validator.go:17.47,22.2 1 0
github.com/Azure/aks-mcp/internal/config/validator.go:25.57,28.2 2 0
github.com/Azure/aks-mcp/internal/config/validator.go:31.40,35.29 2 0
github.com/Azure/aks-mcp/internal/config/validator.go:35.29,38.3 2 0
github.com/Azure/aks-mcp/internal/config/validator.go:40.2,40.14 1 0
github.com/Azure/aks-mcp/internal/config/validator.go:44.37,49.2 2 0
github.com/Azure/aks-mcp/internal/config/validator.go:52.42,54.2 1 0
github.com/Azure/aks-mcp/internal/config/validator.go:57.35,58.31 1 0
github.com/Azure/aks-mcp/internal/config/validator.go:58.31,60.3 1 0
github.com/Azure/aks-mcp/internal/command/command.go:22.65,29.2 1 0
github.com/Azure/aks-mcp/internal/command/command.go:32.57,34.59 2 0
github.com/Azure/aks-mcp/internal/command/command.go:34.59,36.3 1 0
github.com/Azure/aks-mcp/internal/command/command.go:36.8,36.23 1 0
github.com/Azure/aks-mcp/internal/command/command.go:36.23,38.3 1 0
github.com/Azure/aks-mcp/internal/command/command.go:40.2,40.25 1 0
github.com/Azure/aks-mcp/internal/command/command.go:44.62,53.16 5 0
github.com/Azure/aks-mcp/internal/command/command.go:53.16,55.3 1 0
github.com/Azure/aks-mcp/internal/command/command.go:57.2,57.20 1 0
github.com/Azure/aks-mcp/internal/command/command.go:57.20,61.3 1 0
github.com/Azure/aks-mcp/internal/command/command.go:61.8,61.28 1 0
github.com/Azure/aks-mcp/internal/command/command.go:61.28,65.3 1 0
github.com/Azure/aks-mcp/internal/command/command.go:65.8,68.3 1 0
github.com/Azure/aks-mcp/internal/command/command.go:70.2,78.43 5 0
github.com/Azure/aks-mcp/internal/command/command.go:78.43,80.3 1 0
github.com/Azure/aks-mcp/internal/command/command.go:83.2,83.16 1 0
github.com/Azure/aks-mcp/internal/command/command.go:83.16,84.44 1 0
github.com/Azure/aks-mcp/internal/command/command.go:84.44,86.4 1 0
github.com/Azure/aks-mcp/internal/command/command.go:87.3,87.17 1 0
github.com/Azure/aks-mcp/internal/command/command.go:91.2,92.21 2 0
github.com/Azure/aks-mcp/internal/command/command.go:92.21,94.3 1 0
github.com/Azure/aks-mcp/internal/command/command.go:96.2,96.20 1 0
github.com/Azure/aks-mcp/internal/server/server.go:23.50,27.2 1 0
github.com/Azure/aks-mcp/internal/server/server.go:30.38,53.2 4 0
github.com/Azure/aks-mcp/internal/server/server.go:56.31,60.25 2 0
github.com/Azure/aks-mcp/internal/server/server.go:61.15,64.40 3 0
github.com/Azure/aks-mcp/internal/server/server.go:65.13,69.25 4 0
github.com/Azure/aks-mcp/internal/server/server.go:70.25,74.38 4 0
github.com/Azure/aks-mcp/internal/server/server.go:75.10,76.113 1 0
github.com/Azure/aks-mcp/internal/server/server.go:81.40,83.49 1 0
github.com/Azure/aks-mcp/internal/server/server.go:83.49,88.3 4 0
github.com/Azure/aks-mcp/internal/server/server.go:91.2,91.48 1 0
github.com/Azure/aks-mcp/internal/server/server.go:91.48,96.3 4 0
github.com/Azure/aks-mcp/internal/server/server.go:99.2,99.70 1 0
github.com/Azure/aks-mcp/internal/server/server.go:99.70,101.51 1 0
github.com/Azure/aks-mcp/internal/server/server.go:101.51,106.4 4 0
github.com/Azure/aks-mcp/internal/server/server.go:110.2,110.34 1 0
github.com/Azure/aks-mcp/internal/server/server.go:110.34,112.47 1 0
github.com/Azure/aks-mcp/internal/server/server.go:112.47,117.4 4 0
github.com/Azure/aks-mcp/internal/server/server.go:121.48,124.16 2 0
github.com/Azure/aks-mcp/internal/server/server.go:124.16,127.3 2 0
github.com/Azure/aks-mcp/internal/server/server.go:130.2,130.34 1 0
github.com/Azure/aks-mcp/internal/server/server.go:136.69,158.2 13 0
github.com/Azure/aks-mcp/internal/version/version.go:21.26,23.25 2 0
github.com/Azure/aks-mcp/internal/version/version.go:23.25,25.3 1 0
github.com/Azure/aks-mcp/internal/version/version.go:25.8,27.3 1 0
github.com/Azure/aks-mcp/internal/version/version.go:28.2,28.16 1 0
github.com/Azure/aks-mcp/internal/version/version.go:32.41,40.2 1 0
github.com/Azure/aks-mcp/internal/azure/resourcehelpers/nsghelpers.go:19.19,21.49 1 5
github.com/Azure/aks-mcp/internal/azure/resourcehelpers/nsghelpers.go:21.49,23.3 1 1
github.com/Azure/aks-mcp/internal/azure/resourcehelpers/nsghelpers.go:26.2,27.34 2 4
github.com/Azure/aks-mcp/internal/azure/resourcehelpers/nsghelpers.go:27.34,29.3 1 3
github.com/Azure/aks-mcp/internal/azure/resourcehelpers/nsghelpers.go:32.2,33.16 2 1
github.com/Azure/aks-mcp/internal/azure/resourcehelpers/nsghelpers.go:33.16,35.3 1 1
github.com/Azure/aks-mcp/internal/azure/resourcehelpers/nsghelpers.go:38.2,38.89 1 0
github.com/Azure/aks-mcp/internal/azure/resourcehelpers/nsghelpers.go:38.89,40.3 1 0
github.com/Azure/aks-mcp/internal/azure/resourcehelpers/nsghelpers.go:43.2,49.34 5 0
github.com/Azure/aks-mcp/internal/azure/resourcehelpers/nsghelpers.go:49.34,51.3 1 0
github.com/Azure/aks-mcp/internal/azure/resourcehelpers/nsghelpers.go:51.8,53.3 1 0
github.com/Azure/aks-mcp/internal/azure/resourcehelpers/nsghelpers.go:56.2,57.16 2 0
github.com/Azure/aks-mcp/internal/azure/resourcehelpers/nsghelpers.go:57.16,59.3 1 0
github.com/Azure/aks-mcp/internal/azure/resourcehelpers/nsghelpers.go:61.2,62.16 2 0
github.com/Azure/aks-mcp/internal/azure/resourcehelpers/nsghelpers.go:62.16,64.3 1 0
github.com/Azure/aks-mcp/internal/azure/resourcehelpers/nsghelpers.go:67.2,67.131 1 0
github.com/Azure/aks-mcp/internal/azure/resourcehelpers/nsghelpers.go:67.131,69.3 1 0
github.com/Azure/aks-mcp/internal/azure/resourcehelpers/nsghelpers.go:71.2,73.19 2 0
github.com/Azure/aks-mcp/internal/azure/resourcehelpers/routetablehelpers.go:19.19,21.49 1 5
github.com/Azure/aks-mcp/internal/azure/resourcehelpers/routetablehelpers.go:21.49,23.3 1 1
github.com/Azure/aks-mcp/internal/azure/resourcehelpers/routetablehelpers.go:26.2,27.34 2 4
github.com/Azure/aks-mcp/internal/azure/resourcehelpers/routetablehelpers.go:27.34,29.3 1 3
github.com/Azure/aks-mcp/internal/azure/resourcehelpers/routetablehelpers.go:32.2,33.16 2 1
github.com/Azure/aks-mcp/internal/azure/resourcehelpers/routetablehelpers.go:33.16,35.3 1 1
github.com/Azure/aks-mcp/internal/azure/resourcehelpers/routetablehelpers.go:38.2,38.89 1 0
github.com/Azure/aks-mcp/internal/azure/resourcehelpers/routetablehelpers.go:38.89,40.3 1 0
github.com/Azure/aks-mcp/internal/azure/resourcehelpers/routetablehelpers.go:43.2,49.34 5 0
github.com/Azure/aks-mcp/internal/azure/resourcehelpers/routetablehelpers.go:49.34,51.3 1 0
github.com/Azure/aks-mcp/internal/azure/resourcehelpers/routetablehelpers.go:51.8,53.3 1 0
github.com/Azure/aks-mcp/internal/azure/resourcehelpers/routetablehelpers.go:56.2,57.16 2 0
github.com/Azure/aks-mcp/internal/azure/resourcehelpers/routetablehelpers.go:57.16,59.3 1 0
github.com/Azure/aks-mcp/internal/azure/resourcehelpers/routetablehelpers.go:61.2,62.16 2 0
github.com/Azure/aks-mcp/internal/azure/resourcehelpers/routetablehelpers.go:62.16,64.3 1 0
github.com/Azure/aks-mcp/internal/azure/resourcehelpers/routetablehelpers.go:67.2,67.111 1 0
github.com/Azure/aks-mcp/internal/azure/resourcehelpers/routetablehelpers.go:67.111,70.3 1 0
github.com/Azure/aks-mcp/internal/azure/resourcehelpers/routetablehelpers.go:72.2,74.26 2 0
github.com/Azure/aks-mcp/internal/azure/resourcehelpers/subnethelpers.go:16.134,18.78 1 10
github.com/Azure/aks-mcp/internal/azure/resourcehelpers/subnethelpers.go:18.78,19.61 1 7
github.com/Azure/aks-mcp/internal/azure/resourcehelpers/subnethelpers.go:19.61,20.60 1 5
github.com/Azure/aks-mcp/internal/azure/resourcehelpers/subnethelpers.go:20.60,22.5 1 3
github.com/Azure/aks-mcp/internal/azure/resourcehelpers/subnethelpers.go:27.2,28.32 2 7
github.com/Azure/aks-mcp/internal/azure/resourcehelpers/subnethelpers.go:28.32,30.3 1 7
github.com/Azure/aks-mcp/internal/azure/resourcehelpers/subnethelpers.go:33.2,34.16 2 0
github.com/Azure/aks-mcp/internal/azure/resourcehelpers/subnethelpers.go:34.16,36.3 1 0
github.com/Azure/aks-mcp/internal/azure/resourcehelpers/subnethelpers.go:39.2,43.16 2 0
github.com/Azure/aks-mcp/internal/azure/resourcehelpers/subnethelpers.go:43.16,45.3 1 0
github.com/Azure/aks-mcp/internal/azure/resourcehelpers/subnethelpers.go:48.2,48.99 1 0
github.com/Azure/aks-mcp/internal/azure/resourcehelpers/subnethelpers.go:48.99,50.3 1 0
github.com/Azure/aks-mcp/internal/azure/resourcehelpers/subnethelpers.go:53.2,53.49 1 0
github.com/Azure/aks-mcp/internal/azure/resourcehelpers/subnethelpers.go:53.49,54.57 1 0
github.com/Azure/aks-mcp/internal/azure/resourcehelpers/subnethelpers.go:54.57,55.24 1 0
github.com/Azure/aks-mcp/internal/azure/resourcehelpers/subnethelpers.go:55.24,57.5 1 0
github.com/Azure/aks-mcp/internal/azure/resourcehelpers/subnethelpers.go:62.2,62.42 1 0
github.com/Azure/aks-mcp/internal/azure/resourcehelpers/subnethelpers.go:62.42,64.3 1 0
github.com/Azure/aks-mcp/internal/azure/resourcehelpers/subnethelpers.go:66.2,66.68 1 0
github.com/Azure/aks-mcp/internal/azure/resourcehelpers/vnethelpers.go:21.19,23.49 1 13
github.com/Azure/aks-mcp/internal/azure/resourcehelpers/vnethelpers.go:23.49,25.3 1 2
github.com/Azure/aks-mcp/internal/azure/resourcehelpers/vnethelpers.go:28.2,28.49 1 11
github.com/Azure/aks-mcp/internal/azure/resourcehelpers/vnethelpers.go:28.49,29.61 1 8
github.com/Azure/aks-mcp/internal/azure/resourcehelpers/vnethelpers.go:29.61,30.32 1 5
github.com/Azure/aks-mcp/internal/azure/resourcehelpers/vnethelpers.go:30.32,35.65 2 2
github.com/Azure/aks-mcp/internal/azure/resourcehelpers/vnethelpers.go:35.65,37.109 1 1
github.com/Azure/aks-mcp/internal/azure/resourcehelpers/vnethelpers.go:37.109,40.7 1 1
github.com/Azure/aks-mcp/internal/azure/resourcehelpers/vnethelpers.go:42.5,42.10 1 1
github.com/Azure/aks-mcp/internal/azure/resourcehelpers/vnethelpers.go:48.2,48.49 1 10
github.com/Azure/aks-mcp/internal/azure/resourcehelpers/vnethelpers.go:48.49,50.3 1 0
github.com/Azure/aks-mcp/internal/azure/resourcehelpers/vnethelpers.go:52.2,52.67 1 10
github.com/Azure/aks-mcp/internal/azure/resourcehelpers/vnethelpers.go:61.19,68.16 4 0
github.com/Azure/aks-mcp/internal/azure/resourcehelpers/vnethelpers.go:68.16,70.3 1 0
github.com/Azure/aks-mcp/internal/azure/resourcehelpers/vnethelpers.go:72.2,73.19 2 0
github.com/Azure/aks-mcp/internal/azure/resourcehelpers/vnethelpers.go:73.19,75.17 2 0
github.com/Azure/aks-mcp/internal/azure/resourcehelpers/vnethelpers.go:75.17,77.4 1 0
github.com/Azure/aks-mcp/internal/azure/resourcehelpers/vnethelpers.go:79.3,79.35 1 0
github.com/Azure/aks-mcp/internal/azure/resourcehelpers/vnethelpers.go:79.35,81.70 1 0
github.com/Azure/aks-mcp/internal/azure/resourcehelpers/vnethelpers.go:81.70,83.5 1 0
github.com/Azure/aks-mcp/internal/azure/resourcehelpers/vnethelpers.go:87.2,87.105 1 0
github.com/Azure/aks-mcp/internal/azure/resourcehelpers/vnethelpers.go:91.85,92.23 1 0
github.com/Azure/aks-mcp/internal/azure/resourcehelpers/vnethelpers.go:92.23,94.3 1 0
github.com/Azure/aks-mcp/internal/azure/resourcehelpers/vnethelpers.go:96.2,97.36 2 0
github.com/Azure/aks-mcp/internal/azure/resourcehelpers/vnethelpers.go:97.36,98.54 1 0
github.com/Azure/aks-mcp/internal/azure/resourcehelpers/vnethelpers.go:98.54,100.4 1 0
github.com/Azure/aks-mcp/internal/azure/resourcehelpers/vnethelpers.go:102.2,102.11 1 0
github.com/Azure/aks-mcp/internal/security/security.go:10.42,14.2 1 0
github.com/Azure/aks-mcp/internal/security/validator.go:69.57,73.2 1 33
github.com/Azure/aks-mcp/internal/security/validator.go:80.42,82.2 1 0
github.com/Azure/aks-mcp/internal/security/validator.go:85.72,86.21 1 32
github.com/Azure/aks-mcp/internal/security/validator.go:87.21,88.26 1 32
github.com/Azure/aks-mcp/internal/security/validator.go:89.10,90.20 1 0
github.com/Azure/aks-mcp/internal/security/validator.go:97.72,101.60 2 32
github.com/Azure/aks-mcp/internal/security/validator.go:101.60,103.3 1 14
github.com/Azure/aks-mcp/internal/security/validator.go:106.2,106.71 1 18
github.com/Azure/aks-mcp/internal/security/validator.go:106.71,108.3 1 2
github.com/Azure/aks-mcp/internal/security/validator.go:110.2,110.12 1 16
github.com/Azure/aks-mcp/internal/security/validator.go:114.68,119.21 2 67
github.com/Azure/aks-mcp/internal/security/validator.go:119.21,120.57 1 16
github.com/Azure/aks-mcp/internal/security/validator.go:120.57,122.4 1 2
github.com/Azure/aks-mcp/internal/security/validator.go:126.2,143.24 3 65
github.com/Azure/aks-mcp/internal/security/validator.go:143.24,145.3 1 53
github.com/Azure/aks-mcp/internal/security/validator.go:147.2,147.44 1 65
github.com/Azure/aks-mcp/internal/security/validator.go:147.44,148.41 1 584
github.com/Azure/aks-mcp/internal/security/validator.go:148.41,150.4 1 30
github.com/Azure/aks-mcp/internal/security/validator.go:154.2,154.36 1 35
github.com/Azure/aks-mcp/internal/security/validator.go:154.36,157.37 1 15
github.com/Azure/aks-mcp/internal/security/validator.go:157.37,158.25 1 691
github.com/Azure/aks-mcp/internal/security/validator.go:158.25,160.51 1 17
github.com/Azure/aks-mcp/internal/security/validator.go:160.51,163.6 1 6
github.com/Azure/aks-mcp/internal/security/validator.go:165.5,165.8 1 11
github.com/Azure/aks-mcp/internal/security/validator.go:170.2,170.12 1 29
github.com/Azure/aks-mcp/internal/security/validator.go:174.88,179.33 2 25
github.com/Azure/aks-mcp/internal/security/validator.go:180.18,181.23 1 10
github.com/Azure/aks-mcp/internal/security/validator.go:181.23,183.4 1 3
github.com/Azure/aks-mcp/internal/security/validator.go:184.19,184.19 0 4
github.com/Azure/aks-mcp/internal/security/validator.go:187.15,187.15 0 10
github.com/Azure/aks-mcp/internal/security/validator.go:189.10,189.10 0 1
github.com/Azure/aks-mcp/internal/security/validator.go:194.2,194.12 1 22
github.com/Azure/aks-mcp/internal/security/validator.go:198.86,200.115 1 48
github.com/Azure/aks-mcp/internal/security/validator.go:200.115,202.3 1 10
github.com/Azure/aks-mcp/internal/security/validator.go:206.2,208.56 2 38
github.com/Azure/aks-mcp/internal/security/validator.go:208.56,210.3 1 1
github.com/Azure/aks-mcp/internal/security/validator.go:220.2,220.44 1 37
github.com/Azure/aks-mcp/internal/security/validator.go:220.44,224.40 2 435
github.com/Azure/aks-mcp/internal/security/validator.go:224.40,225.12 1 30
github.com/Azure/aks-mcp/internal/security/validator.go:229.3,230.44 2 405
github.com/Azure/aks-mcp/internal/security/validator.go:230.44,231.56 1 1130
github.com/Azure/aks-mcp/internal/security/validator.go:231.56,233.10 2 383
github.com/Azure/aks-mcp/internal/security/validator.go:237.3,237.12 1 405
github.com/Azure/aks-mcp/internal/security/validator.go:237.12,239.4 1 22
github.com/Azure/aks-mcp/internal/security/validator.go:242.2,242.14 1 15
github.com/Azure/aks-mcp/internal/security/validator.go:246.64,254.24 2 16
github.com/Azure/aks-mcp/internal/security/validator.go:254.24,256.3 1 0
github.com/Azure/aks-mcp/internal/security/validator.go:259.2,263.24 3 16
github.com/Azure/aks-mcp/internal/security/validator.go:263.24,265.3 1 0
github.com/Azure/aks-mcp/internal/security/validator.go:268.2,269.21 2 16
github.com/Azure/aks-mcp/internal/security/validator.go:269.21,271.3 1 0
github.com/Azure/aks-mcp/internal/security/validator.go:274.2,280.93 3 16
github.com/Azure/aks-mcp/internal/security/validator.go:280.93,284.35 1 4
github.com/Azure/aks-mcp/internal/security/validator.go:284.35,286.4 1 2
github.com/Azure/aks-mcp/internal/security/validator.go:289.2,289.12 1 14
github.com/Azure/aks-mcp/internal/security/validator.go:293.65,295.38 1 14
github.com/Azure/aks-mcp/internal/security/validator.go:295.38,297.3 1 0
github.com/Azure/aks-mcp/internal/security/validator.go:300.2,300.72 1 14
github.com/Azure/aks-mcp/internal/security/validator.go:300.72,302.3 1 8
github.com/Azure/aks-mcp/internal/security/validator.go:306.2,313.20 5 6
github.com/Azure/aks-mcp/internal/security/validator.go:313.20,315.3 1 4
github.com/Azure/aks-mcp/internal/security/validator.go:317.2,317.14 1 2
github.com/Azure/aks-mcp/internal/tools/executor.go:20.109,22.2 1 1
github.com/Azure/aks-mcp/internal/tools/executor.go:37.108,39.2 1 1
github.com/Azure/aks-mcp/internal/tools/handler.go:12.154,13.89 1 0
github.com/Azure/aks-mcp/internal/tools/handler.go:13.89,15.10 2 0
github.com/Azure/aks-mcp/internal/tools/handler.go:15.10,17.4 1 0
github.com/Azure/aks-mcp/internal/tools/handler.go:18.3,19.17 2 0
github.com/Azure/aks-mcp/internal/tools/handler.go:19.17,21.4 1 0
github.com/Azure/aks-mcp/internal/tools/handler.go:23.3,23.44 1 0
github.com/Azure/aks-mcp/internal/tools/handler.go:28.157,29.89 1 0
github.com/Azure/aks-mcp/internal/tools/handler.go:29.89,31.10 2 0
github.com/Azure/aks-mcp/internal/tools/handler.go:31.10,33.4 1 0
github.com/Azure/aks-mcp/internal/tools/handler.go:34.3,35.17 2 0
github.com/Azure/aks-mcp/internal/tools/handler.go:35.17,37.4 1 0
github.com/Azure/aks-mcp/internal/tools/handler.go:39.3,39.44 1 0
